  bus_mem.c
C:\Users\avira\source\repos\comp_arc_proj\computer architecture project\cache.h(41,20): error C2143: syntax error: missing ')' before '*'
C:\Users\avira\source\repos\comp_arc_proj\computer architecture project\cache.h(41,20): error C2143: syntax error: missing '{' before '*'
C:\Users\avira\source\repos\comp_arc_proj\computer architecture project\cache.h(41,25): error C2059: syntax error: ')'
C:\Users\avira\source\repos\comp_arc_proj\computer architecture project\core.h(149,3): error C2040: 'core': 'core' differs in levels of indirection from 'int *'
C:\Users\avira\source\repos\comp_arc_proj\computer architecture project\core.h(152,27): error C2143: syntax error: missing ')' before '*'
C:\Users\avira\source\repos\comp_arc_proj\computer architecture project\core.h(152,27): error C2143: syntax error: missing '{' before '*'
C:\Users\avira\source\repos\comp_arc_proj\computer architecture project\core.h(152,39): error C2059: syntax error: 'type'
C:\Users\avira\source\repos\comp_arc_proj\computer architecture project\core.h(152,53): error C2059: syntax error: ')'
C:\Users\avira\source\repos\comp_arc_proj\computer architecture project\core.h(153,32): error C2143: syntax error: missing ')' before '*'
C:\Users\avira\source\repos\comp_arc_proj\computer architecture project\core.h(153,32): error C2143: syntax error: missing '{' before '*'
C:\Users\avira\source\repos\comp_arc_proj\computer architecture project\core.h(153,39): error C2371: 'FILE': redefinition; different basic types
C:\Program Files (x86)\Windows Kits\10\Include\10.0.19041.0\ucrt\corecrt_wstdio.h(31): message : see declaration of 'FILE'
C:\Users\avira\source\repos\comp_arc_proj\computer architecture project\core.h(153,44): error C2143: syntax error: missing ';' before '*'
C:\Users\avira\source\repos\comp_arc_proj\computer architecture project\core.h(153,55): error C2059: syntax error: ')'
C:\Users\avira\source\repos\comp_arc_proj\computer architecture project\bus_mem.c(19,28): warning C4013: 'initialize_array_from_file' undefined; assuming extern returning int
  cache.c
C:\Users\avira\source\repos\comp_arc_proj\computer architecture project\core.h(144,2): error C2061: syntax error: identifier 'cache'
C:\Users\avira\source\repos\comp_arc_proj\computer architecture project\core.h(149,1): error C2059: syntax error: '}'
C:\Users\avira\source\repos\comp_arc_proj\computer architecture project\core.h(152,27): error C2143: syntax error: missing ')' before '*'
C:\Users\avira\source\repos\comp_arc_proj\computer architecture project\core.h(152,27): error C2143: syntax error: missing '{' before '*'
C:\Users\avira\source\repos\comp_arc_proj\computer architecture project\core.h(152,39): error C2059: syntax error: 'type'
C:\Users\avira\source\repos\comp_arc_proj\computer architecture project\core.h(152,53): error C2059: syntax error: ')'
C:\Users\avira\source\repos\comp_arc_proj\computer architecture project\core.h(153,32): error C2143: syntax error: missing ')' before '*'
C:\Users\avira\source\repos\comp_arc_proj\computer architecture project\core.h(153,32): error C2143: syntax error: missing '{' before '*'
C:\Users\avira\source\repos\comp_arc_proj\computer architecture project\core.h(153,39): error C2371: 'FILE': redefinition; different basic types
C:\Program Files (x86)\Windows Kits\10\Include\10.0.19041.0\ucrt\corecrt_wstdio.h(31): message : see declaration of 'FILE'
C:\Users\avira\source\repos\comp_arc_proj\computer architecture project\core.h(153,44): error C2143: syntax error: missing ';' before '*'
C:\Users\avira\source\repos\comp_arc_proj\computer architecture project\core.h(153,55): error C2059: syntax error: ')'
C:\Users\avira\source\repos\comp_arc_proj\computer architecture project\cache.h(41,20): error C2143: syntax error: missing ')' before '*'
C:\Users\avira\source\repos\comp_arc_proj\computer architecture project\cache.h(41,20): error C2143: syntax error: missing '{' before '*'
C:\Users\avira\source\repos\comp_arc_proj\computer architecture project\cache.h(41,25): error C2059: syntax error: ')'
C:\Users\avira\source\repos\comp_arc_proj\computer architecture project\cache.c(35,30): error C2143: syntax error: missing ')' before '*'
C:\Users\avira\source\repos\comp_arc_proj\computer architecture project\cache.c(35,30): error C2143: syntax error: missing '{' before '*'
C:\Users\avira\source\repos\comp_arc_proj\computer architecture project\cache.c(35,41): error C2059: syntax error: 'type'
C:\Users\avira\source\repos\comp_arc_proj\computer architecture project\cache.c(35,95): error C2059: syntax error: ')'
C:\Users\avira\source\repos\comp_arc_proj\computer architecture project\cache.c(89,20): error C2143: syntax error: missing ')' before '*'
C:\Users\avira\source\repos\comp_arc_proj\computer architecture project\cache.c(89,20): error C2143: syntax error: missing '{' before '*'
C:\Users\avira\source\repos\comp_arc_proj\computer architecture project\cache.c(89,25): error C2059: syntax error: ')'
C:\Users\avira\source\repos\comp_arc_proj\computer architecture project\cache.c(90,1): error C2054: expected '(' to follow 'core'
  core.c
C:\Users\avira\source\repos\comp_arc_proj\computer architecture project\cache.h(41,20): error C2143: syntax error: missing ')' before '*'
C:\Users\avira\source\repos\comp_arc_proj\computer architecture project\cache.h(41,20): error C2143: syntax error: missing '{' before '*'
C:\Users\avira\source\repos\comp_arc_proj\computer architecture project\cache.h(41,25): error C2059: syntax error: ')'
C:\Users\avira\source\repos\comp_arc_proj\computer architecture project\core.h(149,3): error C2040: 'core': 'core' differs in levels of indirection from 'int *'
C:\Users\avira\source\repos\comp_arc_proj\computer architecture project\core.h(152,27): error C2143: syntax error: missing ')' before '*'
C:\Users\avira\source\repos\comp_arc_proj\computer architecture project\core.h(152,27): error C2143: syntax error: missing '{' before '*'
C:\Users\avira\source\repos\comp_arc_proj\computer architecture project\core.h(152,39): error C2059: syntax error: 'type'
C:\Users\avira\source\repos\comp_arc_proj\computer architecture project\core.h(152,53): error C2059: syntax error: ')'
C:\Users\avira\source\repos\comp_arc_proj\computer architecture project\core.h(153,32): error C2143: syntax error: missing ')' before '*'
C:\Users\avira\source\repos\comp_arc_proj\computer architecture project\core.h(153,32): error C2143: syntax error: missing '{' before '*'
C:\Users\avira\source\repos\comp_arc_proj\computer architecture project\core.h(153,39): error C2371: 'FILE': redefinition; different basic types
C:\Program Files (x86)\Windows Kits\10\Include\10.0.19041.0\ucrt\corecrt_wstdio.h(31): message : see declaration of 'FILE'
C:\Users\avira\source\repos\comp_arc_proj\computer architecture project\core.h(153,44): error C2143: syntax error: missing ';' before '*'
C:\Users\avira\source\repos\comp_arc_proj\computer architecture project\core.h(153,55): error C2059: syntax error: ')'
C:\Users\avira\source\repos\comp_arc_proj\computer architecture project\core.c(18,37): error C2143: syntax error: missing ')' before '*'
C:\Users\avira\source\repos\comp_arc_proj\computer architecture project\core.c(18,37): error C2143: syntax error: missing '{' before '*'
C:\Users\avira\source\repos\comp_arc_proj\computer architecture project\core.c(18,43): error C2059: syntax error: ')'
C:\Users\avira\source\repos\comp_arc_proj\computer architecture project\core.c(19,1): error C2054: expected '(' to follow 'core'
C:\Users\avira\source\repos\comp_arc_proj\computer architecture project\core.c(32,32): error C2143: syntax error: missing ')' before '*'
C:\Users\avira\source\repos\comp_arc_proj\computer architecture project\core.c(32,32): error C2143: syntax error: missing '{' before '*'
C:\Users\avira\source\repos\comp_arc_proj\computer architecture project\core.c(32,37): error C2059: syntax error: ')'
C:\Users\avira\source\repos\comp_arc_proj\computer architecture project\core.c(33,1): error C2054: expected '(' to follow 'core'
C:\Users\avira\source\repos\comp_arc_proj\computer architecture project\core.c(40,36): error C2143: syntax error: missing ')' before '*'
C:\Users\avira\source\repos\comp_arc_proj\computer architecture project\core.c(40,36): error C2143: syntax error: missing '{' before '*'
C:\Users\avira\source\repos\comp_arc_proj\computer architecture project\core.c(40,41): error C2059: syntax error: ')'
C:\Users\avira\source\repos\comp_arc_proj\computer architecture project\core.c(41,1): error C2054: expected '(' to follow 'core'
C:\Users\avira\source\repos\comp_arc_proj\computer architecture project\core.c(55,27): error C2143: syntax error: missing ')' before '*'
C:\Users\avira\source\repos\comp_arc_proj\computer architecture project\core.c(55,27): error C2143: syntax error: missing '{' before '*'
C:\Users\avira\source\repos\comp_arc_proj\computer architecture project\core.c(55,39): error C2059: syntax error: 'type'
C:\Users\avira\source\repos\comp_arc_proj\computer architecture project\core.c(55,53): error C2059: syntax error: ')'
C:\Users\avira\source\repos\comp_arc_proj\computer architecture project\core.c(74,32): error C2143: syntax error: missing ')' before '*'
C:\Users\avira\source\repos\comp_arc_proj\computer architecture project\core.c(74,32): error C2143: syntax error: missing '{' before '*'
C:\Users\avira\source\repos\comp_arc_proj\computer architecture project\core.c(74,39): error C2370: 'ePIPIELINE_BUFFERS': redefinition; different storage class
C:\Users\avira\source\repos\comp_arc_proj\computer architecture project\core.h(94): message : see declaration of 'ePIPIELINE_BUFFERS'
C:\Users\avira\source\repos\comp_arc_proj\computer architecture project\core.c(74,58): error C2146: syntax error: missing ';' before identifier 'pipe_buffer'
C:\Users\avira\source\repos\comp_arc_proj\computer architecture project\core.c(74,69): error C2059: syntax error: ')'
C:\Users\avira\source\repos\comp_arc_proj\computer architecture project\core.c(75,1): error C2054: expected '(' to follow 'pipe_buffer'
C:\Users\avira\source\repos\comp_arc_proj\computer architecture project\core.c(90,24): error C2143: syntax error: missing ')' before '*'
C:\Users\avira\source\repos\comp_arc_proj\computer architecture project\core.c(90,24): error C2143: syntax error: missing '{' before '*'
C:\Users\avira\source\repos\comp_arc_proj\computer architecture project\core.c(90,30): error C2059: syntax error: ')'
C:\Users\avira\source\repos\comp_arc_proj\computer architecture project\core.c(91,1): error C2054: expected '(' to follow 'core'
C:\Users\avira\source\repos\comp_arc_proj\computer architecture project\core.c(142,16): error C2143: syntax error: missing ')' before '*'
C:\Users\avira\source\repos\comp_arc_proj\computer architecture project\core.c(142,16): error C2143: syntax error: missing '{' before '*'
C:\Users\avira\source\repos\comp_arc_proj\computer architecture project\core.c(142,22): error C2059: syntax error: ')'
C:\Users\avira\source\repos\comp_arc_proj\computer architecture project\core.c(143,1): error C2054: expected '(' to follow 'core'
C:\Users\avira\source\repos\comp_arc_proj\computer architecture project\core.c(149,23): error C2143: syntax error: missing ')' before '*'
C:\Users\avira\source\repos\comp_arc_proj\computer architecture project\core.c(149,23): error C2143: syntax error: missing '{' before '*'
C:\Users\avira\source\repos\comp_arc_proj\computer architecture project\core.c(149,29): error C2059: syntax error: ')'
C:\Users\avira\source\repos\comp_arc_proj\computer architecture project\core.c(150,1): error C2054: expected '(' to follow 'core'
C:\Users\avira\source\repos\comp_arc_proj\computer architecture project\core.c(204,17): error C2143: syntax error: missing ')' before '*'
C:\Users\avira\source\repos\comp_arc_proj\computer architecture project\core.c(204,17): error C2143: syntax error: missing '{' before '*'
C:\Users\avira\source\repos\comp_arc_proj\computer architecture project\core.c(204,23): error C2059: syntax error: ')'
C:\Users\avira\source\repos\comp_arc_proj\computer architecture project\core.c(205,1): error C2054: expected '(' to follow 'core'
C:\Users\avira\source\repos\comp_arc_proj\computer architecture project\core.c(229,18): error C2143: syntax error: missing ')' before '*'
C:\Users\avira\source\repos\comp_arc_proj\computer architecture project\core.c(229,18): error C2143: syntax error: missing '{' before '*'
C:\Users\avira\source\repos\comp_arc_proj\computer architecture project\core.c(229,24): error C2059: syntax error: ')'
C:\Users\avira\source\repos\comp_arc_proj\computer architecture project\core.c(230,1): error C2054: expected '(' to follow 'core'
C:\Users\avira\source\repos\comp_arc_proj\computer architecture project\core.c(308,17): error C2143: syntax error: missing ')' before '*'
C:\Users\avira\source\repos\comp_arc_proj\computer architecture project\core.c(308,17): error C2143: syntax error: missing '{' before '*'
C:\Users\avira\source\repos\comp_arc_proj\computer architecture project\core.c(308,23): error C2059: syntax error: ')'
C:\Users\avira\source\repos\comp_arc_proj\computer architecture project\core.c(309,1): error C2054: expected '(' to follow 'core'
C:\Users\avira\source\repos\comp_arc_proj\computer architecture project\core.c(344,21): error C2143: syntax error: missing ')' before '*'
C:\Users\avira\source\repos\comp_arc_proj\computer architecture project\core.c(344,21): error C2143: syntax error: missing '{' before '*'
C:\Users\avira\source\repos\comp_arc_proj\computer architecture project\core.c(344,27): error C2059: syntax error: ')'
C:\Users\avira\source\repos\comp_arc_proj\computer architecture project\core.c(345,1): error C2054: expected '(' to follow 'core'
C:\Users\avira\source\repos\comp_arc_proj\computer architecture project\core.c(380,31): error C2143: syntax error: missing ')' before '*'
C:\Users\avira\source\repos\comp_arc_proj\computer architecture project\core.c(380,31): error C2143: syntax error: missing '{' before '*'
C:\Users\avira\source\repos\comp_arc_proj\computer architecture project\core.c(380,37): error C2059: syntax error: ')'
C:\Users\avira\source\repos\comp_arc_proj\computer architecture project\core.c(381,1): error C2054: expected '(' to follow 'core'
C:\Users\avira\source\repos\comp_arc_proj\computer architecture project\core.c(405,22): error C2143: syntax error: missing ')' before '*'
C:\Users\avira\source\repos\comp_arc_proj\computer architecture project\core.c(405,22): error C2143: syntax error: missing '{' before '*'
C:\Users\avira\source\repos\comp_arc_proj\computer architecture project\core.c(405,30): error C2371: 'FILE': redefinition; different basic types
C:\Program Files (x86)\Windows Kits\10\Include\10.0.19041.0\ucrt\corecrt_wstdio.h(31): message : see declaration of 'FILE'
C:\Users\avira\source\repos\comp_arc_proj\computer architecture project\core.c(405,34): error C2143: syntax error: missing ';' before '*'
C:\Users\avira\source\repos\comp_arc_proj\computer architecture project\core.c(405,46): error C2059: syntax error: ')'
C:\Users\avira\source\repos\comp_arc_proj\computer architecture project\core.c(406,1): error C2054: expected '(' to follow 'trace_file'
C:\Users\avira\source\repos\comp_arc_proj\computer architecture project\core.c(432,20): error C2143: syntax error: missing ')' before '*'
C:\Users\avira\source\repos\comp_arc_proj\computer architecture project\core.c(432,20): error C2143: syntax error: missing '{' before '*'
C:\Users\avira\source\repos\comp_arc_proj\computer architecture project\core.c(432,26): error C2059: syntax error: ')'
C:\Users\avira\source\repos\comp_arc_proj\computer architecture project\core.c(433,1): error C2054: expected '(' to follow 'core'
C:\Users\avira\source\repos\comp_arc_proj\computer architecture project\core.c(440,31): error C2143: syntax error: missing ')' before '*'
C:\Users\avira\source\repos\comp_arc_proj\computer architecture project\core.c(440,31): error C2143: syntax error: missing '{' before '*'
C:\Users\avira\source\repos\comp_arc_proj\computer architecture project\core.c(440,39): error C2371: 'FILE': redefinition; different basic types
C:\Program Files (x86)\Windows Kits\10\Include\10.0.19041.0\ucrt\corecrt_wstdio.h(31): message : see declaration of 'FILE'
C:\Users\avira\source\repos\comp_arc_proj\computer architecture project\core.c(440,43): error C2143: syntax error: missing ';' before '*'
C:\Users\avira\source\repos\comp_arc_proj\computer architecture project\core.c(440,55): error C2059: syntax error: ')'
C:\Users\avira\source\repos\comp_arc_proj\computer architecture project\core.c(441,1): error C2054: expected '(' to follow 'trace_file'
  main.c
C:\Users\avira\source\repos\comp_arc_proj\computer architecture project\cache.h(41,20): error C2143: syntax error: missing ')' before '*'
C:\Users\avira\source\repos\comp_arc_proj\computer architecture project\cache.h(41,20): error C2143: syntax error: missing '{' before '*'
C:\Users\avira\source\repos\comp_arc_proj\computer architecture project\cache.h(41,25): error C2059: syntax error: ')'
C:\Users\avira\source\repos\comp_arc_proj\computer architecture project\core.h(149,3): error C2040: 'core': 'core' differs in levels of indirection from 'int *'
C:\Users\avira\source\repos\comp_arc_proj\computer architecture project\core.h(152,27): error C2143: syntax error: missing ')' before '*'
C:\Users\avira\source\repos\comp_arc_proj\computer architecture project\core.h(152,27): error C2143: syntax error: missing '{' before '*'
C:\Users\avira\source\repos\comp_arc_proj\computer architecture project\core.h(152,39): error C2059: syntax error: 'type'
C:\Users\avira\source\repos\comp_arc_proj\computer architecture project\core.h(152,53): error C2059: syntax error: ')'
C:\Users\avira\source\repos\comp_arc_proj\computer architecture project\core.h(153,32): error C2143: syntax error: missing ')' before '*'
C:\Users\avira\source\repos\comp_arc_proj\computer architecture project\core.h(153,32): error C2143: syntax error: missing '{' before '*'
C:\Users\avira\source\repos\comp_arc_proj\computer architecture project\core.h(153,39): error C2371: 'FILE': redefinition; different basic types
C:\Program Files (x86)\Windows Kits\10\Include\10.0.19041.0\ucrt\corecrt_wstdio.h(31): message : see declaration of 'FILE'
C:\Users\avira\source\repos\comp_arc_proj\computer architecture project\core.h(153,44): error C2143: syntax error: missing ';' before '*'
C:\Users\avira\source\repos\comp_arc_proj\computer architecture project\core.h(153,55): error C2059: syntax error: ')'
C:\Users\avira\source\repos\comp_arc_proj\computer architecture project\main.c(16,7): error C2146: syntax error: missing ';' before identifier 'core0'
C:\Users\avira\source\repos\comp_arc_proj\computer architecture project\main.c(16,12): error C2065: 'core0': undeclared identifier
C:\Users\avira\source\repos\comp_arc_proj\computer architecture project\main.c(22,17): warning C4013: 'initialize_core' undefined; assuming extern returning int
C:\Users\avira\source\repos\comp_arc_proj\computer architecture project\main.c(22,24): error C2065: 'core0': undeclared identifier
C:\Users\avira\source\repos\comp_arc_proj\computer architecture project\main.c(26,15): error C2065: 'core0': undeclared identifier
C:\Users\avira\source\repos\comp_arc_proj\computer architecture project\main.c(26,16): error C2224: left of '.core_halt' must have struct/union type
C:\Users\avira\source\repos\comp_arc_proj\computer architecture project\main.c(28,23): warning C4013: 'simulate_clock_cycle' undefined; assuming extern returning int
C:\Users\avira\source\repos\comp_arc_proj\computer architecture project\main.c(28,30): error C2065: 'core0': undeclared identifier
  parser.c
C:\Users\avira\source\repos\comp_arc_proj\computer architecture project\cache.h(41,20): error C2143: syntax error: missing ')' before '*'
C:\Users\avira\source\repos\comp_arc_proj\computer architecture project\cache.h(41,20): error C2143: syntax error: missing '{' before '*'
C:\Users\avira\source\repos\comp_arc_proj\computer architecture project\cache.h(41,25): error C2059: syntax error: ')'
C:\Users\avira\source\repos\comp_arc_proj\computer architecture project\core.h(149,3): error C2040: 'core': 'core' differs in levels of indirection from 'int *'
C:\Users\avira\source\repos\comp_arc_proj\computer architecture project\core.h(152,27): error C2143: syntax error: missing ')' before '*'
C:\Users\avira\source\repos\comp_arc_proj\computer architecture project\core.h(152,27): error C2143: syntax error: missing '{' before '*'
C:\Users\avira\source\repos\comp_arc_proj\computer architecture project\core.h(152,39): error C2059: syntax error: 'type'
C:\Users\avira\source\repos\comp_arc_proj\computer architecture project\core.h(152,53): error C2059: syntax error: ')'
C:\Users\avira\source\repos\comp_arc_proj\computer architecture project\core.h(153,32): error C2143: syntax error: missing ')' before '*'
C:\Users\avira\source\repos\comp_arc_proj\computer architecture project\core.h(153,32): error C2143: syntax error: missing '{' before '*'
C:\Users\avira\source\repos\comp_arc_proj\computer architecture project\core.h(153,39): error C2371: 'FILE': redefinition; different basic types
C:\Program Files (x86)\Windows Kits\10\Include\10.0.19041.0\ucrt\corecrt_wstdio.h(31): message : see declaration of 'FILE'
C:\Users\avira\source\repos\comp_arc_proj\computer architecture project\core.h(153,44): error C2143: syntax error: missing ';' before '*'
C:\Users\avira\source\repos\comp_arc_proj\computer architecture project\core.h(153,55): error C2059: syntax error: ')'
C:\Users\avira\source\repos\comp_arc_proj\computer architecture project\parser.h(6,27): error C2143: syntax error: missing ')' before '*'
C:\Users\avira\source\repos\comp_arc_proj\computer architecture project\parser.h(6,27): error C2143: syntax error: missing '{' before '*'
C:\Users\avira\source\repos\comp_arc_proj\computer architecture project\parser.h(6,39): error C2059: syntax error: 'type'
C:\Users\avira\source\repos\comp_arc_proj\computer architecture project\parser.h(6,53): error C2059: syntax error: ')'
C:\Users\avira\source\repos\comp_arc_proj\computer architecture project\parser.c(22,28): error C2143: syntax error: missing ')' before '*'
C:\Users\avira\source\repos\comp_arc_proj\computer architecture project\parser.c(22,28): error C2143: syntax error: missing '{' before '*'
C:\Users\avira\source\repos\comp_arc_proj\computer architecture project\parser.c(22,40): error C2059: syntax error: 'type'
C:\Users\avira\source\repos\comp_arc_proj\computer architecture project\parser.c(22,69): error C2059: syntax error: ')'
C:\Users\avira\source\repos\comp_arc_proj\computer architecture project\parser.c(39,26): error C2143: syntax error: missing ')' before '*'
C:\Users\avira\source\repos\comp_arc_proj\computer architecture project\parser.c(39,26): error C2143: syntax error: missing '{' before '*'
C:\Users\avira\source\repos\comp_arc_proj\computer architecture project\parser.c(39,38): error C2059: syntax error: 'type'
C:\Users\avira\source\repos\comp_arc_proj\computer architecture project\parser.c(39,53): error C2059: syntax error: ')'
  utils.c
  Generating Code...
