c:\users\avira\source\repos\comp_arc_proj\computer architecture project\debug\vc142.pdb
c:\users\avira\source\repos\comp_arc_proj\computer architecture project\debug\vc142.idb
c:\users\avira\source\repos\comp_arc_proj\computer architecture project\debug\utils.obj
c:\users\avira\source\repos\comp_arc_proj\computer architecture project\debug\parser.obj
c:\users\avira\source\repos\comp_arc_proj\computer architecture project\debug\main.obj
c:\users\avira\source\repos\comp_arc_proj\computer architecture project\debug\core.obj
c:\users\avira\source\repos\comp_arc_proj\computer architecture project\debug\cache.obj
c:\users\avira\source\repos\comp_arc_proj\computer architecture project\debug\bus_mem.obj
c:\users\avira\source\repos\comp_arc_proj\computer architecture project\debug\computer architecture project.ilk
c:\users\avira\source\repos\comp_arc_proj\debug\computer architecture project.exe
c:\users\avira\source\repos\comp_arc_proj\debug\computer architecture project.pdb
c:\users\יובל\downloads\computer_architecture_project-master (2)\computer_architecture_project-master\computer architecture project\debug\bus_mem.obj
c:\users\יובל\downloads\computer_architecture_project-master (2)\computer_architecture_project-master\computer architecture project\debug\cache.obj
c:\users\יובל\downloads\computer_architecture_project-master (2)\computer_architecture_project-master\computer architecture project\debug\core.obj
c:\users\יובל\downloads\computer_architecture_project-master (2)\computer_architecture_project-master\computer architecture project\debug\main.obj
c:\users\יובל\downloads\computer_architecture_project-master (2)\computer_architecture_project-master\computer architecture project\debug\parser.obj
c:\users\יובל\downloads\computer_architecture_project-master (2)\computer_architecture_project-master\computer architecture project\debug\utils.obj
c:\users\יובל\downloads\computer_architecture_project-master (2)\computer_architecture_project-master\computer architecture project\debug\computer architecture project.ilk
c:\users\יובל\downloads\computer_architecture_project-master (2)\computer_architecture_project-master\computer architecture project\debug\vc142.idb
c:\users\יובל\downloads\computer_architecture_project-master (2)\computer_architecture_project-master\computer architecture project\debug\vc142.pdb
c:\users\יובל\downloads\computer_architecture_project-master (2)\computer_architecture_project-master\debug\computer architecture project.pdb
c:\users\יובל\downloads\computer_architecture_project-master (2)\computer_architecture_project-master\debug\computer architecture project.exe
c:\users\יובל\downloads\computer_architecture_project-master (2)\computer_architecture_project-master\computer architecture project\debug\computer.bbd62350.tlog\cl.command.1.tlog
c:\users\יובל\downloads\computer_architecture_project-master (2)\computer_architecture_project-master\computer architecture project\debug\computer.bbd62350.tlog\cl.read.1.tlog
c:\users\יובל\downloads\computer_architecture_project-master (2)\computer_architecture_project-master\computer architecture project\debug\computer.bbd62350.tlog\cl.write.1.tlog
c:\users\יובל\downloads\computer_architecture_project-master (2)\computer_architecture_project-master\computer architecture project\debug\computer.bbd62350.tlog\link.command.1.tlog
c:\users\יובל\downloads\computer_architecture_project-master (2)\computer_architecture_project-master\computer architecture project\debug\computer.bbd62350.tlog\link.read.1.tlog
c:\users\יובל\downloads\computer_architecture_project-master (2)\computer_architecture_project-master\computer architecture project\debug\computer.bbd62350.tlog\link.write.1.tlog
